
6월 22, 2020 11:10:20.52 NEW SESSION
6월 22, 2020 11:10:20.52 [19320:19284:0622/111020.520:ERROR:CONSOLE(1475)] "No document", source: devtools://devtools/bundled/sdk/sdk.js (1475)
6월 22, 2020 11:10:50.42 [19320:19284:0622/111050.420:ERROR:CONSOLE(1475)] "No document", source: devtools://devtools/bundled/sdk/sdk.js (1475)
6월 22, 2020 11:17:40.20 [19320:19284:0622/111740.200:ERROR:CONSOLE(1475)] "No document", source: devtools://devtools/bundled/sdk/sdk.js (1475)
6월 22, 2020 11:47:06.17 [19320:19284:0622/114706.179:ERROR:CONSOLE(295)] "Uncaught TypeError: Cannot read property 'ownerStyle' of null", source: devtools://devtools/bundled/elements/elements.js (295)
6월 22, 2020 11:47:06.22 [19320:19284:0622/114706.219:ERROR:CONSOLE(295)] "Uncaught TypeError: Cannot read property 'ownerStyle' of null", source: devtools://devtools/bundled/elements/elements.js (295)
6월 22, 2020 11:47:06.29 [19320:19284:0622/114706.291:ERROR:CONSOLE(295)] "Uncaught TypeError: Cannot read property 'ownerStyle' of null", source: devtools://devtools/bundled/elements/elements.js (295)
6월 22, 2020 11:47:06.35 [19320:19284:0622/114706.350:ERROR:CONSOLE(295)] "Uncaught TypeError: Cannot read property 'ownerStyle' of null", source: devtools://devtools/bundled/elements/elements.js (295)
6월 22, 2020 11:47:06.53 [19320:19284:0622/114706.532:ERROR:CONSOLE(295)] "Uncaught TypeError: Cannot read property 'ownerStyle' of null", source: devtools://devtools/bundled/elements/elements.js (295)
6월 22, 2020 11:47:06.54 [19320:19284:0622/114706.548:ERROR:CONSOLE(295)] "Uncaught TypeError: Cannot read property 'ownerStyle' of null", source: devtools://devtools/bundled/elements/elements.js (295)
6월 22, 2020 11:47:06.58 [19320:19284:0622/114706.583:ERROR:CONSOLE(295)] "Uncaught TypeError: Cannot read property 'ownerStyle' of null", source: devtools://devtools/bundled/elements/elements.js (295)
6월 22, 2020 11:47:06.59 [19320:19284:0622/114706.599:ERROR:CONSOLE(295)] "Uncaught TypeError: Cannot read property 'ownerStyle' of null", source: devtools://devtools/bundled/elements/elements.js (295)
6월 22, 2020 11:47:06.66 [19320:19284:0622/114706.665:ERROR:CONSOLE(295)] "Uncaught TypeError: Cannot read property 'ownerStyle' of null", source: devtools://devtools/bundled/elements/elements.js (295)
6월 22, 2020 11:47:06.85 [19320:19284:0622/114706.856:ERROR:CONSOLE(149)] "Uncaught (in promise) TypeError: Cannot set property 'name' of null", source: devtools://devtools/bundled/elements/elements.js (149)
6월 22, 2020 11:47:07.21 [19320:19284:0622/114707.218:ERROR:CONSOLE(295)] "Uncaught TypeError: Cannot read property 'ownerStyle' of null", source: devtools://devtools/bundled/elements/elements.js (295)
6월 22, 2020 11:47:07.23 [19320:19284:0622/114707.232:ERROR:CONSOLE(295)] "Uncaught TypeError: Cannot read property 'ownerStyle' of null", source: devtools://devtools/bundled/elements/elements.js (295)
6월 22, 2020 11:47:07.25 [19320:19284:0622/114707.249:ERROR:CONSOLE(295)] "Uncaught TypeError: Cannot read property 'ownerStyle' of null", source: devtools://devtools/bundled/elements/elements.js (295)
6월 22, 2020 11:47:07.35 [19320:19284:0622/114707.356:ERROR:CONSOLE(92)] "Uncaught TypeError: Cannot read property 'disabled' of null", source: devtools://devtools/bundled/elements/elements.js (92)
6월 22, 2020 11:47:07.42 [19320:19284:0622/114707.429:ERROR:CONSOLE(295)] "Uncaught TypeError: Cannot read property 'ownerStyle' of null", source: devtools://devtools/bundled/elements/elements.js (295)
6월 22, 2020 11:47:07.45 [19320:19284:0622/114707.450:ERROR:CONSOLE(295)] "Uncaught TypeError: Cannot read property 'ownerStyle' of null", source: devtools://devtools/bundled/elements/elements.js (295)
6월 22, 2020 11:47:07.46 [19320:19284:0622/114707.466:ERROR:CONSOLE(295)] "Uncaught TypeError: Cannot read property 'ownerStyle' of null", source: devtools://devtools/bundled/elements/elements.js (295)
6월 22, 2020 11:47:07.48 [19320:19284:0622/114707.483:ERROR:CONSOLE(295)] "Uncaught TypeError: Cannot read property 'ownerStyle' of null", source: devtools://devtools/bundled/elements/elements.js (295)
6월 22, 2020 11:47:07.50 [19320:19284:0622/114707.499:ERROR:CONSOLE(295)] "Uncaught TypeError: Cannot read property 'ownerStyle' of null", source: devtools://devtools/bundled/elements/elements.js (295)
6월 22, 2020 11:47:07.51 [19320:19284:0622/114707.516:ERROR:CONSOLE(295)] "Uncaught TypeError: Cannot read property 'ownerStyle' of null", source: devtools://devtools/bundled/elements/elements.js (295)
6월 22, 2020 11:47:07.53 [19320:19284:0622/114707.532:ERROR:CONSOLE(295)] "Uncaught TypeError: Cannot read property 'ownerStyle' of null", source: devtools://devtools/bundled/elements/elements.js (295)
6월 22, 2020 11:47:07.55 [19320:19284:0622/114707.550:ERROR:CONSOLE(295)] "Uncaught TypeError: Cannot read property 'ownerStyle' of null", source: devtools://devtools/bundled/elements/elements.js (295)
6월 22, 2020 11:47:07.56 [19320:19284:0622/114707.566:ERROR:CONSOLE(295)] "Uncaught TypeError: Cannot read property 'ownerStyle' of null", source: devtools://devtools/bundled/elements/elements.js (295)
6월 22, 2020 11:47:07.58 [19320:19284:0622/114707.583:ERROR:CONSOLE(295)] "Uncaught TypeError: Cannot read property 'ownerStyle' of null", source: devtools://devtools/bundled/elements/elements.js (295)
6월 22, 2020 11:47:07.60 [19320:19284:0622/114707.600:ERROR:CONSOLE(295)] "Uncaught TypeError: Cannot read property 'ownerStyle' of null", source: devtools://devtools/bundled/elements/elements.js (295)
6월 22, 2020 11:47:07.61 [19320:19284:0622/114707.617:ERROR:CONSOLE(295)] "Uncaught TypeError: Cannot read property 'ownerStyle' of null", source: devtools://devtools/bundled/elements/elements.js (295)
6월 22, 2020 11:47:07.63 [19320:19284:0622/114707.633:ERROR:CONSOLE(295)] "Uncaught TypeError: Cannot read property 'ownerStyle' of null", source: devtools://devtools/bundled/elements/elements.js (295)
6월 22, 2020 11:47:07.65 [19320:19284:0622/114707.650:ERROR:CONSOLE(295)] "Uncaught TypeError: Cannot read property 'ownerStyle' of null", source: devtools://devtools/bundled/elements/elements.js (295)
6월 22, 2020 11:47:07.66 [19320:19284:0622/114707.666:ERROR:CONSOLE(295)] "Uncaught TypeError: Cannot read property 'ownerStyle' of null", source: devtools://devtools/bundled/elements/elements.js (295)
6월 22, 2020 11:47:07.68 [19320:19284:0622/114707.684:ERROR:CONSOLE(295)] "Uncaught TypeError: Cannot read property 'ownerStyle' of null", source: devtools://devtools/bundled/elements/elements.js (295)
6월 22, 2020 11:47:07.70 [19320:19284:0622/114707.701:ERROR:CONSOLE(295)] "Uncaught TypeError: Cannot read property 'ownerStyle' of null", source: devtools://devtools/bundled/elements/elements.js (295)
6월 22, 2020 11:47:07.71 [19320:19284:0622/114707.717:ERROR:CONSOLE(295)] "Uncaught TypeError: Cannot read property 'ownerStyle' of null", source: devtools://devtools/bundled/elements/elements.js (295)
6월 22, 2020 11:47:07.73 [19320:19284:0622/114707.735:ERROR:CONSOLE(295)] "Uncaught TypeError: Cannot read property 'ownerStyle' of null", source: devtools://devtools/bundled/elements/elements.js (295)
6월 22, 2020 11:47:07.75 [19320:19284:0622/114707.751:ERROR:CONSOLE(295)] "Uncaught TypeError: Cannot read property 'ownerStyle' of null", source: devtools://devtools/bundled/elements/elements.js (295)
6월 22, 2020 11:47:07.76 [19320:19284:0622/114707.768:ERROR:CONSOLE(295)] "Uncaught TypeError: Cannot read property 'ownerStyle' of null", source: devtools://devtools/bundled/elements/elements.js (295)
6월 22, 2020 11:47:07.78 [19320:19284:0622/114707.784:ERROR:CONSOLE(295)] "Uncaught TypeError: Cannot read property 'ownerStyle' of null", source: devtools://devtools/bundled/elements/elements.js (295)
6월 22, 2020 11:47:07.86 [19320:19284:0622/114707.867:ERROR:CONSOLE(295)] "Uncaught TypeError: Cannot read property 'ownerStyle' of null", source: devtools://devtools/bundled/elements/elements.js (295)
6월 22, 2020 11:47:07.88 [19320:19284:0622/114707.884:ERROR:CONSOLE(295)] "Uncaught TypeError: Cannot read property 'ownerStyle' of null", source: devtools://devtools/bundled/elements/elements.js (295)
6월 22, 2020 11:47:07.90 [19320:19284:0622/114707.901:ERROR:CONSOLE(295)] "Uncaught TypeError: Cannot read property 'ownerStyle' of null", source: devtools://devtools/bundled/elements/elements.js (295)
6월 22, 2020 11:47:07.91 [19320:19284:0622/114707.916:ERROR:CONSOLE(295)] "Uncaught TypeError: Cannot read property 'ownerStyle' of null", source: devtools://devtools/bundled/elements/elements.js (295)
6월 22, 2020 11:47:07.93 [19320:19284:0622/114707.934:ERROR:CONSOLE(295)] "Uncaught TypeError: Cannot read property 'ownerStyle' of null", source: devtools://devtools/bundled/elements/elements.js (295)
6월 22, 2020 11:47:07.95 [19320:19284:0622/114707.953:ERROR:CONSOLE(295)] "Uncaught TypeError: Cannot read property 'ownerStyle' of null", source: devtools://devtools/bundled/elements/elements.js (295)
6월 22, 2020 11:47:07.96 [19320:19284:0622/114707.966:ERROR:CONSOLE(295)] "Uncaught TypeError: Cannot read property 'ownerStyle' of null", source: devtools://devtools/bundled/elements/elements.js (295)
6월 22, 2020 11:47:07.98 [19320:19284:0622/114707.984:ERROR:CONSOLE(295)] "Uncaught TypeError: Cannot read property 'ownerStyle' of null", source: devtools://devtools/bundled/elements/elements.js (295)
6월 22, 2020 11:47:08.00 [19320:19284:0622/114708.001:ERROR:CONSOLE(295)] "Uncaught TypeError: Cannot read property 'ownerStyle' of null", source: devtools://devtools/bundled/elements/elements.js (295)
6월 22, 2020 11:47:08.01 [19320:19284:0622/114708.017:ERROR:CONSOLE(295)] "Uncaught TypeError: Cannot read property 'ownerStyle' of null", source: devtools://devtools/bundled/elements/elements.js (295)
6월 22, 2020 11:47:08.03 [19320:19284:0622/114708.034:ERROR:CONSOLE(295)] "Uncaught TypeError: Cannot read property 'ownerStyle' of null", source: devtools://devtools/bundled/elements/elements.js (295)
6월 22, 2020 11:47:08.05 [19320:19284:0622/114708.051:ERROR:CONSOLE(295)] "Uncaught TypeError: Cannot read property 'ownerStyle' of null", source: devtools://devtools/bundled/elements/elements.js (295)
6월 22, 2020 11:47:08.10 [19320:19284:0622/114708.100:ERROR:CONSOLE(295)] "Uncaught TypeError: Cannot read property 'ownerStyle' of null", source: devtools://devtools/bundled/elements/elements.js (295)
6월 22, 2020 11:47:08.11 [19320:19284:0622/114708.118:ERROR:CONSOLE(295)] "Uncaught TypeError: Cannot read property 'ownerStyle' of null", source: devtools://devtools/bundled/elements/elements.js (295)
6월 22, 2020 11:47:08.13 [19320:19284:0622/114708.135:ERROR:CONSOLE(295)] "Uncaught TypeError: Cannot read property 'ownerStyle' of null", source: devtools://devtools/bundled/elements/elements.js (295)
6월 22, 2020 11:47:08.19 [19320:19284:0622/114708.192:ERROR:CONSOLE(295)] "Uncaught TypeError: Cannot read property 'ownerStyle' of null", source: devtools://devtools/bundled/elements/elements.js (295)
6월 22, 2020 11:47:08.20 [19320:19284:0622/114708.204:ERROR:CONSOLE(295)] "Uncaught TypeError: Cannot read property 'ownerStyle' of null", source: devtools://devtools/bundled/elements/elements.js (295)
6월 22, 2020 11:47:08.25 [19320:19284:0622/114708.249:ERROR:CONSOLE(295)] "Uncaught TypeError: Cannot read property 'ownerStyle' of null", source: devtools://devtools/bundled/elements/elements.js (295)
6월 22, 2020 11:47:08.26 [19320:19284:0622/114708.268:ERROR:CONSOLE(295)] "Uncaught TypeError: Cannot read property 'ownerStyle' of null", source: devtools://devtools/bundled/elements/elements.js (295)
6월 22, 2020 11:47:08.28 [19320:19284:0622/114708.285:ERROR:CONSOLE(295)] "Uncaught TypeError: Cannot read property 'ownerStyle' of null", source: devtools://devtools/bundled/elements/elements.js (295)
6월 22, 2020 11:47:08.41 [19320:19284:0622/114708.418:ERROR:CONSOLE(92)] "Uncaught TypeError: Cannot read property 'disabled' of null", source: devtools://devtools/bundled/elements/elements.js (92)
6월 22, 2020 11:47:08.47 [19320:19284:0622/114708.477:ERROR:CONSOLE(295)] "Uncaught TypeError: Cannot read property 'ownerStyle' of null", source: devtools://devtools/bundled/elements/elements.js (295)
6월 22, 2020 11:47:08.51 [19320:19284:0622/114708.518:ERROR:CONSOLE(295)] "Uncaught TypeError: Cannot read property 'ownerStyle' of null", source: devtools://devtools/bundled/elements/elements.js (295)
6월 22, 2020 11:47:08.53 [19320:19284:0622/114708.535:ERROR:CONSOLE(295)] "Uncaught TypeError: Cannot read property 'ownerStyle' of null", source: devtools://devtools/bundled/elements/elements.js (295)
6월 22, 2020 11:47:08.55 [19320:19284:0622/114708.552:ERROR:CONSOLE(295)] "Uncaught TypeError: Cannot read property 'ownerStyle' of null", source: devtools://devtools/bundled/elements/elements.js (295)
6월 22, 2020 11:47:08.56 [19320:19284:0622/114708.568:ERROR:CONSOLE(295)] "Uncaught TypeError: Cannot read property 'ownerStyle' of null", source: devtools://devtools/bundled/elements/elements.js (295)
6월 22, 2020 11:47:08.58 [19320:19284:0622/114708.584:ERROR:CONSOLE(295)] "Uncaught TypeError: Cannot read property 'ownerStyle' of null", source: devtools://devtools/bundled/elements/elements.js (295)
6월 22, 2020 11:47:08.60 [19320:19284:0622/114708.601:ERROR:CONSOLE(295)] "Uncaught TypeError: Cannot read property 'ownerStyle' of null", source: devtools://devtools/bundled/elements/elements.js (295)
6월 22, 2020 11:47:08.61 [19320:19284:0622/114708.618:ERROR:CONSOLE(295)] "Uncaught TypeError: Cannot read property 'ownerStyle' of null", source: devtools://devtools/bundled/elements/elements.js (295)
6월 22, 2020 11:47:08.63 [19320:19284:0622/114708.634:ERROR:CONSOLE(295)] "Uncaught TypeError: Cannot read property 'ownerStyle' of null", source: devtools://devtools/bundled/elements/elements.js (295)
6월 22, 2020 11:47:08.65 [19320:19284:0622/114708.650:ERROR:CONSOLE(295)] "Uncaught TypeError: Cannot read property 'ownerStyle' of null", source: devtools://devtools/bundled/elements/elements.js (295)
6월 22, 2020 11:47:08.66 [19320:19284:0622/114708.667:ERROR:CONSOLE(295)] "Uncaught TypeError: Cannot read property 'ownerStyle' of null", source: devtools://devtools/bundled/elements/elements.js (295)
6월 22, 2020 11:47:08.68 [19320:19284:0622/114708.684:ERROR:CONSOLE(295)] "Uncaught TypeError: Cannot read property 'ownerStyle' of null", source: devtools://devtools/bundled/elements/elements.js (295)
6월 22, 2020 11:47:08.70 [19320:19284:0622/114708.701:ERROR:CONSOLE(295)] "Uncaught TypeError: Cannot read property 'ownerStyle' of null", source: devtools://devtools/bundled/elements/elements.js (295)
6월 22, 2020 11:47:08.71 [19320:19284:0622/114708.718:ERROR:CONSOLE(295)] "Uncaught TypeError: Cannot read property 'ownerStyle' of null", source: devtools://devtools/bundled/elements/elements.js (295)
6월 22, 2020 11:47:08.90 [19320:19284:0622/114708.902:ERROR:CONSOLE(295)] "Uncaught TypeError: Cannot read property 'ownerStyle' of null", source: devtools://devtools/bundled/elements/elements.js (295)
6월 22, 2020 11:47:08.91 [19320:19284:0622/114708.919:ERROR:CONSOLE(295)] "Uncaught TypeError: Cannot read property 'ownerStyle' of null", source: devtools://devtools/bundled/elements/elements.js (295)
6월 22, 2020 11:47:08.93 [19320:19284:0622/114708.935:ERROR:CONSOLE(295)] "Uncaught TypeError: Cannot read property 'ownerStyle' of null", source: devtools://devtools/bundled/elements/elements.js (295)
6월 22, 2020 11:47:08.95 [19320:19284:0622/114708.952:ERROR:CONSOLE(295)] "Uncaught TypeError: Cannot read property 'ownerStyle' of null", source: devtools://devtools/bundled/elements/elements.js (295)
6월 22, 2020 11:47:08.96 [19320:19284:0622/114708.969:ERROR:CONSOLE(295)] "Uncaught TypeError: Cannot read property 'ownerStyle' of null", source: devtools://devtools/bundled/elements/elements.js (295)
6월 22, 2020 11:47:08.98 [19320:19284:0622/114708.985:ERROR:CONSOLE(295)] "Uncaught TypeError: Cannot read property 'ownerStyle' of null", source: devtools://devtools/bundled/elements/elements.js (295)
6월 22, 2020 11:47:09.00 [19320:19284:0622/114709.001:ERROR:CONSOLE(295)] "Uncaught TypeError: Cannot read property 'ownerStyle' of null", source: devtools://devtools/bundled/elements/elements.js (295)
6월 22, 2020 11:47:09.01 [19320:19284:0622/114709.018:ERROR:CONSOLE(295)] "Uncaught TypeError: Cannot read property 'ownerStyle' of null", source: devtools://devtools/bundled/elements/elements.js (295)
6월 22, 2020 11:47:09.03 [19320:19284:0622/114709.035:ERROR:CONSOLE(295)] "Uncaught TypeError: Cannot read property 'ownerStyle' of null", source: devtools://devtools/bundled/elements/elements.js (295)
6월 22, 2020 11:47:09.32 [19320:19284:0622/114709.324:ERROR:CONSOLE(295)] "Uncaught TypeError: Cannot read property 'ownerStyle' of null", source: devtools://devtools/bundled/elements/elements.js (295)
6월 22, 2020 11:47:09.33 [19320:19284:0622/114709.334:ERROR:CONSOLE(295)] "Uncaught TypeError: Cannot read property 'ownerStyle' of null", source: devtools://devtools/bundled/elements/elements.js (295)
6월 22, 2020 11:47:09.35 [19320:19284:0622/114709.351:ERROR:CONSOLE(295)] "Uncaught TypeError: Cannot read property 'ownerStyle' of null", source: devtools://devtools/bundled/elements/elements.js (295)
6월 22, 2020 11:47:09.36 [19320:19284:0622/114709.369:ERROR:CONSOLE(295)] "Uncaught TypeError: Cannot read property 'ownerStyle' of null", source: devtools://devtools/bundled/elements/elements.js (295)
6월 22, 2020 11:47:09.38 [19320:19284:0622/114709.384:ERROR:CONSOLE(295)] "Uncaught TypeError: Cannot read property 'ownerStyle' of null", source: devtools://devtools/bundled/elements/elements.js (295)
6월 22, 2020 11:47:09.40 [19320:19284:0622/114709.402:ERROR:CONSOLE(295)] "Uncaught TypeError: Cannot read property 'ownerStyle' of null", source: devtools://devtools/bundled/elements/elements.js (295)
6월 22, 2020 11:47:09.63 [19320:19284:0622/114709.630:ERROR:CONSOLE(295)] "Uncaught TypeError: Cannot read property 'ownerStyle' of null", source: devtools://devtools/bundled/elements/elements.js (295)
6월 22, 2020 11:47:09.66 [19320:19284:0622/114709.669:ERROR:CONSOLE(295)] "Uncaught TypeError: Cannot read property 'ownerStyle' of null", source: devtools://devtools/bundled/elements/elements.js (295)
6월 22, 2020 11:47:09.68 [19320:19284:0622/114709.685:ERROR:CONSOLE(295)] "Uncaught TypeError: Cannot read property 'ownerStyle' of null", source: devtools://devtools/bundled/elements/elements.js (295)
6월 22, 2020 11:47:09.70 [19320:19284:0622/114709.703:ERROR:CONSOLE(295)] "Uncaught TypeError: Cannot read property 'ownerStyle' of null", source: devtools://devtools/bundled/elements/elements.js (295)
6월 22, 2020 11:47:09.72 [19320:19284:0622/114709.719:ERROR:CONSOLE(295)] "Uncaught TypeError: Cannot read property 'ownerStyle' of null", source: devtools://devtools/bundled/elements/elements.js (295)
6월 22, 2020 11:47:09.73 [19320:19284:0622/114709.736:ERROR:CONSOLE(295)] "Uncaught TypeError: Cannot read property 'ownerStyle' of null", source: devtools://devtools/bundled/elements/elements.js (295)
6월 22, 2020 11:47:09.89 [19320:19284:0622/114709.892:ERROR:CONSOLE(295)] "Uncaught TypeError: Cannot read property 'ownerStyle' of null", source: devtools://devtools/bundled/elements/elements.js (295)
6월 22, 2020 11:47:09.90 [19320:19284:0622/114709.904:ERROR:CONSOLE(295)] "Uncaught TypeError: Cannot read property 'ownerStyle' of null", source: devtools://devtools/bundled/elements/elements.js (295)
6월 22, 2020 11:47:09.92 [19320:19284:0622/114709.922:ERROR:CONSOLE(295)] "Uncaught TypeError: Cannot read property 'ownerStyle' of null", source: devtools://devtools/bundled/elements/elements.js (295)
6월 22, 2020 11:47:09.93 [19320:19284:0622/114709.937:ERROR:CONSOLE(295)] "Uncaught TypeError: Cannot read property 'ownerStyle' of null", source: devtools://devtools/bundled/elements/elements.js (295)
6월 22, 2020 11:47:09.95 [19320:19284:0622/114709.952:ERROR:CONSOLE(295)] "Uncaught TypeError: Cannot read property 'ownerStyle' of null", source: devtools://devtools/bundled/elements/elements.js (295)
6월 22, 2020 11:47:10.08 [19320:19284:0622/114710.086:ERROR:CONSOLE(92)] "Uncaught TypeError: Cannot read property 'disabled' of null", source: devtools://devtools/bundled/elements/elements.js (92)
6월 22, 2020 11:47:10.29 [19320:19284:0622/114710.297:ERROR:CONSOLE(295)] "Uncaught TypeError: Cannot read property 'ownerStyle' of null", source: devtools://devtools/bundled/elements/elements.js (295)
6월 22, 2020 11:47:10.31 [19320:19284:0622/114710.306:ERROR:CONSOLE(295)] "Uncaught TypeError: Cannot read property 'ownerStyle' of null", source: devtools://devtools/bundled/elements/elements.js (295)
6월 22, 2020 11:47:10.32 [19320:19284:0622/114710.319:ERROR:CONSOLE(295)] "Uncaught TypeError: Cannot read property 'ownerStyle' of null", source: devtools://devtools/bundled/elements/elements.js (295)
6월 22, 2020 11:47:10.33 [19320:19284:0622/114710.337:ERROR:CONSOLE(295)] "Uncaught TypeError: Cannot read property 'ownerStyle' of null", source: devtools://devtools/bundled/elements/elements.js (295)
6월 22, 2020 11:47:10.35 [19320:19284:0622/114710.354:ERROR:CONSOLE(295)] "Uncaught TypeError: Cannot read property 'ownerStyle' of null", source: devtools://devtools/bundled/elements/elements.js (295)
6월 22, 2020 11:47:10.37 [19320:19284:0622/114710.370:ERROR:CONSOLE(295)] "Uncaught TypeError: Cannot read property 'ownerStyle' of null", source: devtools://devtools/bundled/elements/elements.js (295)
6월 22, 2020 11:47:10.38 [19320:19284:0622/114710.386:ERROR:CONSOLE(295)] "Uncaught TypeError: Cannot read property 'ownerStyle' of null", source: devtools://devtools/bundled/elements/elements.js (295)
6월 22, 2020 11:47:10.40 [19320:19284:0622/114710.403:ERROR:CONSOLE(295)] "Uncaught TypeError: Cannot read property 'ownerStyle' of null", source: devtools://devtools/bundled/elements/elements.js (295)
6월 22, 2020 11:47:10.42 [19320:19284:0622/114710.420:ERROR:CONSOLE(295)] "Uncaught TypeError: Cannot read property 'ownerStyle' of null", source: devtools://devtools/bundled/elements/elements.js (295)
6월 22, 2020 11:47:10.43 [19320:19284:0622/114710.438:ERROR:CONSOLE(295)] "Uncaught TypeError: Cannot read property 'ownerStyle' of null", source: devtools://devtools/bundled/elements/elements.js (295)
6월 22, 2020 11:47:10.45 [19320:19284:0622/114710.452:ERROR:CONSOLE(295)] "Uncaught TypeError: Cannot read property 'ownerStyle' of null", source: devtools://devtools/bundled/elements/elements.js (295)
6월 22, 2020 11:47:10.47 [19320:19284:0622/114710.470:ERROR:CONSOLE(295)] "Uncaught TypeError: Cannot read property 'ownerStyle' of null", source: devtools://devtools/bundled/elements/elements.js (295)
6월 22, 2020 11:47:10.48 [19320:19284:0622/114710.485:ERROR:CONSOLE(295)] "Uncaught TypeError: Cannot read property 'ownerStyle' of null", source: devtools://devtools/bundled/elements/elements.js (295)
6월 22, 2020 11:47:10.50 [19320:19284:0622/114710.503:ERROR:CONSOLE(295)] "Uncaught TypeError: Cannot read property 'ownerStyle' of null", source: devtools://devtools/bundled/elements/elements.js (295)
6월 22, 2020 11:47:10.52 [19320:19284:0622/114710.520:ERROR:CONSOLE(295)] "Uncaught TypeError: Cannot read property 'ownerStyle' of null", source: devtools://devtools/bundled/elements/elements.js (295)
6월 22, 2020 11:47:10.53 [19320:19284:0622/114710.537:ERROR:CONSOLE(295)] "Uncaught TypeError: Cannot read property 'ownerStyle' of null", source: devtools://devtools/bundled/elements/elements.js (295)
6월 22, 2020 11:47:10.55 [19320:19284:0622/114710.552:ERROR:CONSOLE(295)] "Uncaught TypeError: Cannot read property 'ownerStyle' of null", source: devtools://devtools/bundled/elements/elements.js (295)
6월 22, 2020 11:47:10.57 [19320:19284:0622/114710.570:ERROR:CONSOLE(295)] "Uncaught TypeError: Cannot read property 'ownerStyle' of null", source: devtools://devtools/bundled/elements/elements.js (295)
6월 22, 2020 11:47:10.58 [19320:19284:0622/114710.587:ERROR:CONSOLE(295)] "Uncaught TypeError: Cannot read property 'ownerStyle' of null", source: devtools://devtools/bundled/elements/elements.js (295)
6월 22, 2020 11:47:25.86 [19320:19284:0622/114725.869:ERROR:CONSOLE(0)] "TypeError: Cannot read property 'ownerStyle' of null", source:  (0)
6월 22, 2020 11:47:26.69 [19320:19284:0622/114726.696:ERROR:CONSOLE(0)] "TypeError: Cannot read property 'ownerStyle' of null", source:  (0)
6월 22, 2020 11:47:26.90 [19320:19284:0622/114726.907:ERROR:CONSOLE(0)] "TypeError: Cannot read property 'ownerStyle' of null", source:  (0)
6월 22, 2020 11:47:27.68 [19320:19284:0622/114727.684:ERROR:CONSOLE(0)] "TypeError: Cannot read property 'ownerStyle' of null", source:  (0)
6월 22, 2020 11:47:27.69 [19320:19284:0622/114727.695:ERROR:CONSOLE(122)] "Uncaught (in promise) TypeError: Cannot read property 'propertyText' of null", source: devtools://devtools/bundled/elements/elements.js (122)
6월 22, 2020 11:47:28.44 [19320:19284:0622/114728.439:ERROR:CONSOLE(295)] "Uncaught TypeError: Cannot read property 'ownerStyle' of null", source: devtools://devtools/bundled/elements/elements.js (295)
6월 22, 2020 11:47:28.45 [19320:19284:0622/114728.455:ERROR:CONSOLE(295)] "Uncaught TypeError: Cannot read property 'ownerStyle' of null", source: devtools://devtools/bundled/elements/elements.js (295)
6월 22, 2020 11:47:28.47 [19320:19284:0622/114728.472:ERROR:CONSOLE(295)] "Uncaught TypeError: Cannot read property 'ownerStyle' of null", source: devtools://devtools/bundled/elements/elements.js (295)
6월 22, 2020 11:47:28.52 [19320:19284:0622/114728.520:ERROR:CONSOLE(295)] "Uncaught TypeError: Cannot read property 'ownerStyle' of null", source: devtools://devtools/bundled/elements/elements.js (295)
6월 22, 2020 11:47:28.53 [19320:19284:0622/114728.538:ERROR:CONSOLE(295)] "Uncaught TypeError: Cannot read property 'ownerStyle' of null", source: devtools://devtools/bundled/elements/elements.js (295)
6월 22, 2020 11:47:28.55 [19320:19284:0622/114728.555:ERROR:CONSOLE(295)] "Uncaught TypeError: Cannot read property 'ownerStyle' of null", source: devtools://devtools/bundled/elements/elements.js (295)
6월 22, 2020 11:47:28.57 [19320:19284:0622/114728.573:ERROR:CONSOLE(295)] "Uncaught TypeError: Cannot read property 'ownerStyle' of null", source: devtools://devtools/bundled/elements/elements.js (295)
6월 22, 2020 11:47:28.58 [19320:19284:0622/114728.588:ERROR:CONSOLE(295)] "Uncaught TypeError: Cannot read property 'ownerStyle' of null", source: devtools://devtools/bundled/elements/elements.js (295)
6월 22, 2020 11:47:28.60 [19320:19284:0622/114728.604:ERROR:CONSOLE(295)] "Uncaught TypeError: Cannot read property 'ownerStyle' of null", source: devtools://devtools/bundled/elements/elements.js (295)
6월 22, 2020 11:47:28.62 [19320:19284:0622/114728.621:ERROR:CONSOLE(295)] "Uncaught TypeError: Cannot read property 'ownerStyle' of null", source: devtools://devtools/bundled/elements/elements.js (295)
6월 22, 2020 11:47:28.63 [19320:19284:0622/114728.637:ERROR:CONSOLE(295)] "Uncaught TypeError: Cannot read property 'ownerStyle' of null", source: devtools://devtools/bundled/elements/elements.js (295)
6월 22, 2020 11:47:28.65 [19320:19284:0622/114728.655:ERROR:CONSOLE(295)] "Uncaught TypeError: Cannot read property 'ownerStyle' of null", source: devtools://devtools/bundled/elements/elements.js (295)
6월 22, 2020 11:47:28.67 [19320:19284:0622/114728.672:ERROR:CONSOLE(295)] "Uncaught TypeError: Cannot read property 'ownerStyle' of null", source: devtools://devtools/bundled/elements/elements.js (295)
6월 22, 2020 11:47:28.68 [19320:19284:0622/114728.689:ERROR:CONSOLE(295)] "Uncaught TypeError: Cannot read property 'ownerStyle' of null", source: devtools://devtools/bundled/elements/elements.js (295)
6월 22, 2020 11:47:28.88 [19320:19284:0622/114728.888:ERROR:CONSOLE(295)] "Uncaught TypeError: Cannot read property 'ownerStyle' of null", source: devtools://devtools/bundled/elements/elements.js (295)
6월 22, 2020 11:47:28.90 [19320:19284:0622/114728.905:ERROR:CONSOLE(295)] "Uncaught TypeError: Cannot read property 'ownerStyle' of null", source: devtools://devtools/bundled/elements/elements.js (295)
6월 22, 2020 11:48:36.35 [19320:20460:0622/114836.352:ERROR:socket_stream.cc(218)] Closing stream with result -2
6월 22, 2020 12:31:18.52 [19320:20460:0622/123118.524:ERROR:connection_factory_impl.cc(420)] Failed to connect to MCS endpoint with error -106
6월 22, 2020 13:13:04.30 [19320:19284:0622/131304.302:ERROR:CONSOLE(295)] "Uncaught TypeError: Cannot read property 'ownerStyle' of null", source: devtools://devtools/bundled/elements/elements.js (295)
6월 22, 2020 13:13:04.33 [19320:19284:0622/131304.332:ERROR:CONSOLE(295)] "Uncaught TypeError: Cannot read property 'ownerStyle' of null", source: devtools://devtools/bundled/elements/elements.js (295)
6월 22, 2020 13:13:04.35 [19320:19284:0622/131304.350:ERROR:CONSOLE(295)] "Uncaught TypeError: Cannot read property 'ownerStyle' of null", source: devtools://devtools/bundled/elements/elements.js (295)
6월 22, 2020 13:13:04.36 [19320:19284:0622/131304.366:ERROR:CONSOLE(295)] "Uncaught TypeError: Cannot read property 'ownerStyle' of null", source: devtools://devtools/bundled/elements/elements.js (295)
6월 22, 2020 13:13:04.38 [19320:19284:0622/131304.382:ERROR:CONSOLE(295)] "Uncaught TypeError: Cannot read property 'ownerStyle' of null", source: devtools://devtools/bundled/elements/elements.js (295)
6월 22, 2020 13:13:04.39 [19320:19284:0622/131304.399:ERROR:CONSOLE(295)] "Uncaught TypeError: Cannot read property 'ownerStyle' of null", source: devtools://devtools/bundled/elements/elements.js (295)
6월 22, 2020 13:13:04.48 [19320:19284:0622/131304.484:ERROR:CONSOLE(295)] "Uncaught TypeError: Cannot read property 'ownerStyle' of null", source: devtools://devtools/bundled/elements/elements.js (295)
6월 22, 2020 13:13:04.50 [19320:19284:0622/131304.500:ERROR:CONSOLE(295)] "Uncaught TypeError: Cannot read property 'ownerStyle' of null", source: devtools://devtools/bundled/elements/elements.js (295)
6월 22, 2020 13:13:04.51 [19320:19284:0622/131304.516:ERROR:CONSOLE(295)] "Uncaught TypeError: Cannot read property 'ownerStyle' of null", source: devtools://devtools/bundled/elements/elements.js (295)
6월 22, 2020 13:13:04.53 [19320:19284:0622/131304.534:ERROR:CONSOLE(295)] "Uncaught TypeError: Cannot read property 'ownerStyle' of null", source: devtools://devtools/bundled/elements/elements.js (295)
6월 22, 2020 13:13:04.54 [19320:19284:0622/131304.548:ERROR:CONSOLE(295)] "Uncaught TypeError: Cannot read property 'ownerStyle' of null", source: devtools://devtools/bundled/elements/elements.js (295)
6월 22, 2020 13:13:04.56 [19320:19284:0622/131304.565:ERROR:CONSOLE(295)] "Uncaught TypeError: Cannot read property 'ownerStyle' of null", source: devtools://devtools/bundled/elements/elements.js (295)
6월 22, 2020 13:13:04.63 [19320:19284:0622/131304.631:ERROR:CONSOLE(295)] "Uncaught TypeError: Cannot read property 'ownerStyle' of null", source: devtools://devtools/bundled/elements/elements.js (295)
6월 22, 2020 13:13:04.70 [19320:19284:0622/131304.700:ERROR:CONSOLE(295)] "Uncaught TypeError: Cannot read property 'ownerStyle' of null", source: devtools://devtools/bundled/elements/elements.js (295)
6월 22, 2020 13:13:04.71 [19320:19284:0622/131304.715:ERROR:CONSOLE(295)] "Uncaught TypeError: Cannot read property 'ownerStyle' of null", source: devtools://devtools/bundled/elements/elements.js (295)
6월 22, 2020 13:13:04.73 [19320:19284:0622/131304.734:ERROR:CONSOLE(295)] "Uncaught TypeError: Cannot read property 'ownerStyle' of null", source: devtools://devtools/bundled/elements/elements.js (295)
6월 22, 2020 13:13:04.97 [19320:19284:0622/131304.970:ERROR:CONSOLE(122)] "Uncaught TypeError: Cannot read property 'propertyText' of null", source: devtools://devtools/bundled/elements/elements.js (122)
6월 22, 2020 13:13:05.55 [19320:19284:0622/131305.551:ERROR:CONSOLE(295)] "Uncaught TypeError: Cannot read property 'ownerStyle' of null", source: devtools://devtools/bundled/elements/elements.js (295)
6월 22, 2020 13:13:05.56 [19320:19284:0622/131305.567:ERROR:CONSOLE(295)] "Uncaught TypeError: Cannot read property 'ownerStyle' of null", source: devtools://devtools/bundled/elements/elements.js (295)
6월 22, 2020 13:14:50.71 [19320:19284:0622/131450.715:ERROR:CONSOLE(1475)] "No document", source: devtools://devtools/bundled/sdk/sdk.js (1475)
6월 22, 2020 13:23:47.94 [19320:19284:0622/132347.945:ERROR:CONSOLE(1475)] "No document", source: devtools://devtools/bundled/sdk/sdk.js (1475)
6월 22, 2020 13:24:19.37 [19320:19284:0622/132419.378:ERROR:CONSOLE(1475)] "No document", source: devtools://devtools/bundled/sdk/sdk.js (1475)
6월 22, 2020 13:24:28.10 [19320:19284:0622/132428.100:ERROR:CONSOLE(1475)] "No document", source: devtools://devtools/bundled/sdk/sdk.js (1475)
6월 22, 2020 13:24:47.04 [19320:19284:0622/132447.045:ERROR:CONSOLE(1475)] "No document", source: devtools://devtools/bundled/sdk/sdk.js (1475)
6월 22, 2020 13:24:48.87 [19320:19284:0622/132448.872:ERROR:CONSOLE(1475)] "No document", source: devtools://devtools/bundled/sdk/sdk.js (1475)
6월 22, 2020 13:24:51.08 [19320:19284:0622/132451.080:ERROR:CONSOLE(1475)] "No document", source: devtools://devtools/bundled/sdk/sdk.js (1475)
6월 22, 2020 13:43:19.06 [19320:19284:0622/134319.069:ERROR:CONSOLE(1475)] "No document", source: devtools://devtools/bundled/sdk/sdk.js (1475)
6월 22, 2020 13:44:09.15 [19320:19284:0622/134409.150:ERROR:CONSOLE(1475)] "No document", source: devtools://devtools/bundled/sdk/sdk.js (1475)
6월 22, 2020 13:49:51.51 [19320:20460:0622/134951.517:ERROR:connection_factory_impl.cc(420)] Failed to connect to MCS endpoint with error -106
6월 22, 2020 13:50:13.16 [19320:20460:0622/135013.167:ERROR:connection_factory_impl.cc(420)] Failed to connect to MCS endpoint with error -106
6월 22, 2020 14:38:31.31 [19320:19284:0622/143831.317:ERROR:CONSOLE(1475)] "No document", source: devtools://devtools/bundled/sdk/sdk.js (1475)
6월 22, 2020 14:45:15.48 [19320:19284:0622/144515.481:ERROR:CONSOLE(1475)] "No document", source: devtools://devtools/bundled/sdk/sdk.js (1475)
6월 22, 2020 14:45:21.43 [19320:19284:0622/144521.436:ERROR:CONSOLE(1475)] "No document", source: devtools://devtools/bundled/sdk/sdk.js (1475)
6월 22, 2020 14:48:28.14 [19320:19284:0622/144828.145:ERROR:CONSOLE(1475)] "No document", source: devtools://devtools/bundled/sdk/sdk.js (1475)
6월 22, 2020 15:28:31.13 [19320:19284:0622/152831.139:ERROR:CONSOLE(1475)] "No document", source: devtools://devtools/bundled/sdk/sdk.js (1475)
6월 22, 2020 15:48:12.55 [19320:19284:0622/154812.550:ERROR:CONSOLE(1475)] "No document", source: devtools://devtools/bundled/sdk/sdk.js (1475)
